2024-02-13 12:50:15,250 - INFO - Testing URL connection for Web Scrapping
2024-02-13 12:50:15,796 - INFO - Successfully connected to the site
2024-02-13 12:50:17,223 - INFO - ------- Starting URL Extraction -------
2024-02-13 12:50:24,649 - INFO - Total topics found after iteration 1 iterations are 100
2024-02-13 12:50:29,885 - INFO - Total topics found after iteration 2 iterations are 200
2024-02-13 12:50:34,991 - INFO - Total topics found after iteration 3 iterations are 224
2024-02-13 12:50:37,192 - INFO - ------- Ending URL Extraction -------
2024-02-13 12:50:41,279 - INFO - ------- Starting Data Extraction -------
2024-02-13 12:56:05,244 - ERROR - Iteration: 110 topic: Refresher Reading 02-18-2021  -> PDF Link not found
2024-02-13 12:56:08,285 - ERROR - Iteration: 111 topic: Refresher Reading 11-13-2020  -> PDF Link not found
2024-02-13 12:57:39,069 - ERROR - Iteration: 141 topic: ICE RSS FEED Active Equity Investing: Strategies  -> PDF Link not found
2024-02-13 12:57:41,996 - ERROR - Iteration: 142 topic: test  -> content-utility-curriculum (Year) not found
2024-02-13 12:57:41,999 - ERROR - Iteration: 142 topic: test  -> PDF Link not found
2024-02-13 12:57:44,966 - ERROR - Iteration: 143 topic: TEST RR  -> content-utility-curriculum (Year) not found
2024-02-13 12:57:44,969 - ERROR - Iteration: 143 topic: TEST RR  -> PDF Link not found
2024-02-13 12:57:48,000 - ERROR - Iteration: 144 topic: QA Test RR 1  -> content-utility-curriculum (Year) not found
2024-02-13 12:57:48,003 - ERROR - Iteration: 144 topic: QA Test RR 1  -> PDF Link not found
2024-02-13 12:57:50,874 - ERROR - Iteration: 145 topic: Branded Image Link Added to Refresher Reading  -> content-utility-curriculum (Year) not found
2024-02-13 12:57:50,878 - ERROR - Iteration: 145 topic: Branded Image Link Added to Refresher Reading  -> PDF Link not found
2024-02-13 12:57:53,882 - ERROR - Iteration: 146 topic: Big Data Projects  -> PDF Link not found
2024-02-13 12:57:57,004 - ERROR - Iteration: 147 topic: Big Data Projects  -> PDF Link not found
2024-02-13 12:58:00,108 - ERROR - Iteration: 148 topic: Test 20 Cost of Capital  -> PDF Link not found
2024-02-13 12:58:09,241 - ERROR - Iteration: 151 topic: Big Data Projects  -> PDF Link not found
2024-02-13 12:58:11,975 - ERROR - Iteration: 152 topic: Industry and Company Analysis (2018)  -> PDF Link not found
2024-02-13 12:58:15,270 - ERROR - Iteration: 153 topic: Discounted Dividend Valuation (2018)   -> PDF Link not found
2024-02-13 12:58:18,239 - ERROR - Iteration: 154 topic: The Portfolio Management Process and the Investment Policy Statement (2018)  -> PDF Link not found
2024-02-13 12:58:21,387 - ERROR - Iteration: 155 topic: Employee Compensation: Post-Employment and Share-Based (2018)   -> PDF Link not found
2024-02-13 12:58:24,145 - ERROR - Iteration: 156 topic: Integration of Financial Statement Analysis Techniques (2018)  -> PDF Link not found
2024-02-13 12:58:27,161 - ERROR - Iteration: 157 topic: Free Cash Flow Valuation (2018)  -> PDF Link not found
2024-02-13 12:58:30,040 - ERROR - Iteration: 158 topic: Market-Based Valuation: Price and Enterprise Value Multiples (2018)   -> PDF Link not found
2024-02-13 12:58:33,295 - ERROR - Iteration: 159 topic: Residual Income Valuation (2018)   -> PDF Link not found
2024-02-13 12:58:36,240 - ERROR - Iteration: 160 topic: Yield-Based Bond Convexity and Portfolio Properties  -> Learning Outcomes not found
2024-02-13 12:58:51,249 - ERROR - Iteration: 165 topic: Interest Rate Risk and Return   -> Learning Outcomes not found
2024-02-13 12:58:54,189 - ERROR - Iteration: 166 topic: Yield-Based Bond Duration Measures and Properties  -> Learning Outcomes not found
2024-02-13 12:58:59,755 - ERROR - Iteration: 168 topic: Yield and Yield Spread Measures for Floating-Rate Instruments  -> Learning Outcomes not found
2024-02-13 12:59:06,203 - ERROR - Iteration: 170 topic: Capital Investments and Capital Allocation  -> Learning Outcomes not found
2024-02-13 12:59:12,387 - ERROR - Iteration: 172 topic: Sampling and Estimation  -> content-utility-curriculum (Year) not found
2024-02-13 12:59:12,391 - ERROR - Iteration: 172 topic: Sampling and Estimation  -> PDF Link not found
2024-02-13 12:59:36,938 - ERROR - Iteration: 180 topic: Fixed-Income Markets for Government Issuers  -> Learning Outcomes not found
2024-02-13 12:59:46,083 - ERROR - Iteration: 183 topic: Case Study in Risk Management: Institutional  -> Learning Outcomes not found
2024-02-13 12:59:49,124 - ERROR - Iteration: 184 topic: Hedge Funds  -> Learning Outcomes not found
2024-02-13 13:00:00,975 - ERROR - Iteration: 188 topic: Credit Analysis for Government Issuers  -> Learning Outcomes not found
2024-02-13 13:00:03,966 - ERROR - Iteration: 189 topic: Asset-Backed Security (ABS) Instrument and Market Features  -> Learning Outcomes not found
2024-02-13 13:00:06,931 - ERROR - Iteration: 190 topic: Fixed-Income Bond Valuation: Prices and Yields  -> Learning Outcomes not found
2024-02-13 13:00:10,060 - ERROR - Iteration: 191 topic: The Term Structure of Interest Rates: Spot, Par, and Forward Curves  -> Learning Outcomes not found
2024-02-13 13:00:12,812 - ERROR - Iteration: 192 topic: Alternative Investment Performance and Returns  -> Learning Outcomes not found
2024-02-13 13:00:15,611 - ERROR - Iteration: 193 topic: Investments in Private Capital: Equity & Debt  -> Learning Outcomes not found
2024-02-13 13:00:18,688 - ERROR - Iteration: 194 topic: Credit Risk  -> Learning Outcomes not found
2024-02-13 13:00:21,725 - ERROR - Iteration: 195 topic: Fixed-Income Securitization  -> Learning Outcomes not found
2024-02-13 13:00:24,883 - ERROR - Iteration: 196 topic: Investors and Other Stakeholders  -> Learning Outcomes not found
2024-02-13 13:00:27,807 - ERROR - Iteration: 197 topic: Yield and Yield Spread Measures for Fixed-Rate Bonds  -> Learning Outcomes not found
2024-02-13 13:00:34,145 - ERROR - Iteration: 199 topic: Alternative Investment Features, Methods, and Structures  -> Learning Outcomes not found
2024-02-13 13:00:37,221 - ERROR - Iteration: 200 topic: Curve-Based and Empirical Fixed-Income Risk Measures  -> Learning Outcomes not found
2024-02-13 13:00:40,222 - ERROR - Iteration: 201 topic: Organizational Forms, Corporate Issuer Features, and Ownership  -> Learning Outcomes not found
2024-02-13 13:00:43,448 - ERROR - Iteration: 202 topic: Hedge Funds  -> Learning Outcomes not found
2024-02-13 13:00:46,477 - ERROR - Iteration: 203 topic: Introduction to Digital Assets  -> Learning Outcomes not found
2024-02-13 13:00:49,564 - ERROR - Iteration: 204 topic: Fixed-Income Instrument Features  -> Learning Outcomes not found
2024-02-13 13:00:52,896 - ERROR - Iteration: 205 topic: Multinational Operations (2018)  -> PDF Link not found
2024-02-13 13:00:56,039 - ERROR - Iteration: 206 topic: Natural Resources  -> Learning Outcomes not found
2024-02-13 13:00:59,031 - ERROR - Iteration: 207 topic: Real Estate & Infrastructure  -> Learning Outcomes not found
2024-02-13 13:01:02,136 - ERROR - Iteration: 208 topic: Credit Analysis for Corporate Issuers  -> Learning Outcomes not found
2024-02-13 13:01:05,303 - ERROR - Iteration: 209 topic: Mortgage-Backed Security (MBS) Instrument and Market Features  -> Learning Outcomes not found
2024-02-13 13:01:08,345 - ERROR - Iteration: 210 topic: Fixed-Income Issuance and Trading  -> Learning Outcomes not found
2024-02-13 13:01:11,343 - ERROR - Iteration: 211 topic: Industry and Competitive Analysis  -> Learning Outcomes not found
2024-02-13 13:01:14,309 - ERROR - Iteration: 212 topic: Company Analysis: Forecasting  -> Learning Outcomes not found
2024-02-13 13:01:26,453 - ERROR - Iteration: 216 topic: Company Analysis: Past and Present  -> Learning Outcomes not found
2024-02-13 13:01:29,357 - ERROR - Iteration: 217 topic: Business Models  -> Learning Outcomes not found
2024-02-13 13:01:32,305 - ERROR - Iteration: 218 topic: Fixed-Income Markets for Corporate Issuers  -> Learning Outcomes not found
2024-02-13 13:01:35,396 - ERROR - Iteration: 219 topic: Corporate Governance: Conflicts, Mechanisms, Risks, and Benefits  -> Learning Outcomes not found
2024-02-13 13:01:38,157 - ERROR - Iteration: 220 topic: Fixed-Income Cash Flows and Types  -> Learning Outcomes not found
2024-02-13 13:01:52,979 - INFO - ------- Ending Data Extraction -------
2024-02-13 13:01:57,068 - INFO - -------Starting Writing to CSV -------
2024-02-13 13:01:57,087 - INFO - ------- Ending Writing to CSV -------
